2025-05-04 11:14:04 - Starting ExtensaoOngsApplication using Java 21.0.6 with PID 8796 (C:\Users\MARCOS\git\ExtensaoUpVet\target\classes started by MARCOS in C:\Users\MARCOS\git\ExtensaoUpVet)
2025-05-04 11:14:04 - No active profile set, falling back to 1 default profile: "default"
2025-05-04 11:14:06 - Starting ExtensaoOngsApplication using Java 21.0.6 with PID 19704 (C:\Users\MARCOS\git\ExtensaoUpVet\target\classes started by MARCOS in C:\Users\MARCOS\git\ExtensaoUpVet)
2025-05-04 11:14:06 - No active profile set, falling back to 1 default profile: "default"
2025-05-04 11:14:06 - Devtools property defaults active! Set 'spring.devtools.add-properties' to 'false' to disable
2025-05-04 11:14:06 - For additional web related logging consider setting the 'logging.level.web' property to 'DEBUG'
2025-05-04 11:14:07 - Bootstrapping Spring Data JPA repositories in DEFAULT mode.
2025-05-04 11:14:07 - Finished Spring Data repository scanning in 33 ms. Found 1 JPA repository interface.
2025-05-04 11:14:07 - Tomcat initialized with port 8080 (http)
2025-05-04 11:14:07 - Starting service [Tomcat]
2025-05-04 11:14:07 - Starting Servlet engine: [Apache Tomcat/10.1.39]
2025-05-04 11:14:07 - Initializing Spring embedded WebApplicationContext
2025-05-04 11:14:07 - Root WebApplicationContext: initialization completed in 841 ms
2025-05-04 11:14:07 - HHH000204: Processing PersistenceUnitInfo [name: default]
2025-05-04 11:14:07 - HHH000412: Hibernate ORM core version 6.5.3.Final
2025-05-04 11:14:07 - HHH000026: Second-level cache disabled
2025-05-04 11:14:08 - No LoadTimeWeaver setup: ignoring JPA class transformer
2025-05-04 11:14:08 - HikariPool-1 - Starting...
2025-05-04 11:14:08 - HikariPool-1 - Added connection com.mysql.cj.jdbc.ConnectionImpl@6cad465b
2025-05-04 11:14:08 - HikariPool-1 - Start completed.
2025-05-04 11:14:09 - HHH000489: No JTA platform available (set 'hibernate.transaction.jta.platform' to enable JTA platform integration)
2025-05-04 11:14:09 - Initialized JPA EntityManagerFactory for persistence unit 'default'
2025-05-04 11:14:09 - spring.jpa.open-in-view is enabled by default. Therefore, database queries may be performed during view rendering. Explicitly configure spring.jpa.open-in-view to disable this warning
2025-05-04 11:14:09 - Supporting [WS-Addressing August 2004, WS-Addressing 1.0]
2025-05-04 11:14:09 - LiveReload server is running on port 35729
2025-05-04 11:14:09 - Tomcat started on port 8080 (http) with context path '/'
2025-05-04 11:14:09 - Started ExtensaoOngsApplication in 3.006 seconds (process running for 3.603)
2025-05-04 11:14:12 - Initializing Spring DispatcherServlet 'dispatcherServlet'
2025-05-04 11:14:12 - Initializing Servlet 'dispatcherServlet'
2025-05-04 11:14:12 - Completed initialization in 1 ms
2025-05-04 11:14:12 - Inicializando create funcionario!
2025-05-04 11:15:27 - Restarting due to 1 class path change (0 additions, 1 deletion, 0 modifications)
2025-05-04 11:15:27 - Closing JPA EntityManagerFactory for persistence unit 'default'
2025-05-04 11:15:27 - HikariPool-1 - Shutdown initiated...
2025-05-04 11:15:27 - HikariPool-1 - Shutdown completed.
2025-05-04 11:15:28 - Starting ExtensaoOngsApplication using Java 21.0.6 with PID 19704 (C:\Users\MARCOS\git\ExtensaoUpVet\target\classes started by MARCOS in C:\Users\MARCOS\git\ExtensaoUpVet)
2025-05-04 11:15:28 - No active profile set, falling back to 1 default profile: "default"
2025-05-04 11:15:28 - Bootstrapping Spring Data JPA repositories in DEFAULT mode.
2025-05-04 11:15:28 - Finished Spring Data repository scanning in 7 ms. Found 1 JPA repository interface.
2025-05-04 11:15:28 - Tomcat initialized with port 8080 (http)
2025-05-04 11:15:28 - Starting service [Tomcat]
2025-05-04 11:15:28 - Starting Servlet engine: [Apache Tomcat/10.1.39]
2025-05-04 11:15:28 - Initializing Spring embedded WebApplicationContext
2025-05-04 11:15:28 - Root WebApplicationContext: initialization completed in 175 ms
2025-05-04 11:15:28 - HHH000204: Processing PersistenceUnitInfo [name: default]
2025-05-04 11:15:28 - HHH000026: Second-level cache disabled
2025-05-04 11:15:28 - No LoadTimeWeaver setup: ignoring JPA class transformer
2025-05-04 11:15:28 - HikariPool-2 - Starting...
2025-05-04 11:15:28 - HikariPool-2 - Added connection com.mysql.cj.jdbc.ConnectionImpl@78bb6dc1
2025-05-04 11:15:28 - HikariPool-2 - Start completed.
2025-05-04 11:15:28 - HHH000489: No JTA platform available (set 'hibernate.transaction.jta.platform' to enable JTA platform integration)
2025-05-04 11:15:28 - Initialized JPA EntityManagerFactory for persistence unit 'default'
2025-05-04 11:15:28 - spring.jpa.open-in-view is enabled by default. Therefore, database queries may be performed during view rendering. Explicitly configure spring.jpa.open-in-view to disable this warning
2025-05-04 11:15:28 - Supporting [WS-Addressing August 2004, WS-Addressing 1.0]
2025-05-04 11:15:28 - LiveReload server is running on port 35729
2025-05-04 11:15:28 - Tomcat started on port 8080 (http) with context path '/'
2025-05-04 11:15:28 - Started ExtensaoOngsApplication in 0.421 seconds (process running for 82.424)
2025-05-04 11:15:28 - Condition evaluation unchanged
2025-05-04 11:19:29 - Starting ExtensaoOngsApplication using Java 21.0.6 with PID 7728 (C:\Users\MARCOS\git\ExtensaoUpVet\target\classes started by MARCOS in C:\Users\MARCOS\git\ExtensaoUpVet)
2025-05-04 11:19:29 - No active profile set, falling back to 1 default profile: "default"
2025-05-04 11:19:29 - Devtools property defaults active! Set 'spring.devtools.add-properties' to 'false' to disable
2025-05-04 11:19:29 - For additional web related logging consider setting the 'logging.level.web' property to 'DEBUG'
2025-05-04 11:19:29 - Bootstrapping Spring Data JPA repositories in DEFAULT mode.
2025-05-04 11:19:29 - Finished Spring Data repository scanning in 32 ms. Found 1 JPA repository interface.
2025-05-04 11:19:30 - Tomcat initialized with port 8080 (http)
2025-05-04 11:19:30 - Starting service [Tomcat]
2025-05-04 11:19:30 - Starting Servlet engine: [Apache Tomcat/10.1.39]
2025-05-04 11:19:30 - Initializing Spring embedded WebApplicationContext
2025-05-04 11:19:30 - Root WebApplicationContext: initialization completed in 852 ms
2025-05-04 11:19:30 - HHH000204: Processing PersistenceUnitInfo [name: default]
2025-05-04 11:19:30 - HHH000412: Hibernate ORM core version 6.5.3.Final
2025-05-04 11:19:30 - HHH000026: Second-level cache disabled
2025-05-04 11:19:30 - No LoadTimeWeaver setup: ignoring JPA class transformer
2025-05-04 11:19:30 - HikariPool-1 - Starting...
2025-05-04 11:19:30 - HikariPool-1 - Added connection com.mysql.cj.jdbc.ConnectionImpl@2c168fe5
2025-05-04 11:19:30 - HikariPool-1 - Start completed.
2025-05-04 11:19:31 - HHH000489: No JTA platform available (set 'hibernate.transaction.jta.platform' to enable JTA platform integration)
2025-05-04 11:19:31 - Initialized JPA EntityManagerFactory for persistence unit 'default'
2025-05-04 11:19:31 - spring.jpa.open-in-view is enabled by default. Therefore, database queries may be performed during view rendering. Explicitly configure spring.jpa.open-in-view to disable this warning
2025-05-04 11:19:31 - Supporting [WS-Addressing August 2004, WS-Addressing 1.0]
2025-05-04 11:19:31 - Unable to start LiveReload server
2025-05-04 11:19:31 - Exception encountered during context initialization - cancelling refresh attempt: org.springframework.context.ApplicationContextException: Failed to start bean 'webServerStartStop'
2025-05-04 11:19:31 - Closing JPA EntityManagerFactory for persistence unit 'default'
2025-05-04 11:19:31 - HikariPool-1 - Shutdown initiated...
2025-05-04 11:19:31 - HikariPool-1 - Shutdown completed.
2025-05-04 11:19:31 - 

Error starting ApplicationContext. To display the condition evaluation report re-run your application with 'debug' enabled.
2025-05-04 11:19:31 - 

***************************
APPLICATION FAILED TO START
***************************

Description:

Web server failed to start. Port 8080 was already in use.

Action:

Identify and stop the process that's listening on port 8080 or configure this application to listen on another port.

2025-05-04 11:19:36 - Application shutdown requested.
2025-05-04 11:19:36 - Closing JPA EntityManagerFactory for persistence unit 'default'
2025-05-04 11:19:36 - HikariPool-2 - Shutdown initiated...
2025-05-04 11:19:36 - HikariPool-2 - Shutdown completed.
2025-05-04 12:19:04 - Starting ExtensaoBackApplication using Java 21.0.4 with PID 9524 (C:\Users\Luan\Desktop\Aplicativo\ExtensaoUpVet\target\classes started by Luan in C:\Users\Luan\Desktop\Aplicativo\ExtensaoUpVet)
2025-05-04 12:19:04 - No active profile set, falling back to 1 default profile: "default"
2025-05-04 12:19:04 - Devtools property defaults active! Set 'spring.devtools.add-properties' to 'false' to disable
2025-05-04 12:19:04 - For additional web related logging consider setting the 'logging.level.web' property to 'DEBUG'
2025-05-04 12:19:04 - Bootstrapping Spring Data JPA repositories in DEFAULT mode.
2025-05-04 12:19:04 - Finished Spring Data repository scanning in 81 ms. Found 1 JPA repository interface.
2025-05-04 12:19:05 - Tomcat initialized with port 8080 (http)
2025-05-04 12:19:05 - Starting service [Tomcat]
2025-05-04 12:19:05 - Starting Servlet engine: [Apache Tomcat/10.1.26]
2025-05-04 12:19:05 - Initializing Spring embedded WebApplicationContext
2025-05-04 12:19:05 - Root WebApplicationContext: initialization completed in 1074 ms
2025-05-04 12:19:05 - HHH000204: Processing PersistenceUnitInfo [name: default]
2025-05-04 12:19:05 - HHH000412: Hibernate ORM core version 6.5.2.Final
2025-05-04 12:19:05 - HHH000026: Second-level cache disabled
2025-05-04 12:19:05 - No LoadTimeWeaver setup: ignoring JPA class transformer
2025-05-04 12:19:05 - HikariPool-1 - Starting...
2025-05-04 12:19:05 - HikariPool-1 - Added connection com.mysql.cj.jdbc.ConnectionImpl@6fd4cde9
2025-05-04 12:19:05 - HikariPool-1 - Start completed.
2025-05-04 12:19:05 - HHH000511: The 5.5.5 version for [org.hibernate.dialect.MySQLDialect] is no longer supported, hence certain features may not work properly. The minimum supported version is 8.0.0. Check the community dialects project for available legacy versions.
2025-05-04 12:19:06 - HHH000489: No JTA platform available (set 'hibernate.transaction.jta.platform' to enable JTA platform integration)
2025-05-04 12:19:06 - Initialized JPA EntityManagerFactory for persistence unit 'default'
2025-05-04 12:19:06 - spring.jpa.open-in-view is enabled by default. Therefore, database queries may be performed during view rendering. Explicitly configure spring.jpa.open-in-view to disable this warning
2025-05-04 12:19:06 - Exception encountered during context initialization - cancelling refresh attempt: org.springframework.beans.factory.BeanCreationException: Error creating bean with name 'requestMappingHandlerMapping' defined in class path resource [org/springframework/boot/autoconfigure/web/servlet/WebMvcAutoConfiguration$EnableWebMvcConfiguration.class]: Ambiguous mapping. Cannot map 'funcionarioController' method 
br.com.marcos.controller.FuncionarioController#update(RequestFuncionario, Long)
to {PUT [/funcionario]}: There is already 'controller' bean method
br.com.marcos.controller.Controller#update(RequestFuncionario, Long) mapped.
2025-05-04 12:19:06 - Closing JPA EntityManagerFactory for persistence unit 'default'
2025-05-04 12:19:06 - HikariPool-1 - Shutdown initiated...
2025-05-04 12:19:06 - HikariPool-1 - Shutdown completed.
2025-05-04 12:19:06 - Stopping service [Tomcat]
2025-05-04 12:19:06 - 

Error starting ApplicationContext. To display the condition evaluation report re-run your application with 'debug' enabled.
2025-05-04 12:19:06 - Application run failed
org.springframework.beans.factory.BeanCreationException: Error creating bean with name 'requestMappingHandlerMapping' defined in class path resource [org/springframework/boot/autoconfigure/web/servlet/WebMvcAutoConfiguration$EnableWebMvcConfiguration.class]: Ambiguous mapping. Cannot map 'funcionarioController' method 
br.com.marcos.controller.FuncionarioController#update(RequestFuncionario, Long)
to {PUT [/funcionario]}: There is already 'controller' bean method
br.com.marcos.controller.Controller#update(RequestFuncionario, Long) mapped.
	at org.springframework.beans.factory.support.AbstractAutowireCapableBeanFactory.initializeBean(AbstractAutowireCapableBeanFactory.java:1806)
	at org.springframework.beans.factory.support.AbstractAutowireCapableBeanFactory.doCreateBean(AbstractAutowireCapableBeanFactory.java:600)
	at org.springframework.beans.factory.support.AbstractAutowireCapableBeanFactory.createBean(AbstractAutowireCapableBeanFactory.java:522)
	at org.springframework.beans.factory.support.AbstractBeanFactory.lambda$doGetBean$0(AbstractBeanFactory.java:337)
	at org.springframework.beans.factory.support.DefaultSingletonBeanRegistry.getSingleton(DefaultSingletonBeanRegistry.java:234)
	at org.springframework.beans.factory.support.AbstractBeanFactory.doGetBean(AbstractBeanFactory.java:335)
	at org.springframework.beans.factory.support.AbstractBeanFactory.getBean(AbstractBeanFactory.java:200)
	at org.springframework.beans.factory.support.DefaultListableBeanFactory.preInstantiateSingletons(DefaultListableBeanFactory.java:975)
	at org.springframework.context.support.AbstractApplicationContext.finishBeanFactoryInitialization(AbstractApplicationContext.java:971)
	at org.springframework.context.support.AbstractApplicationContext.refresh(AbstractApplicationContext.java:625)
	at org.springframework.boot.web.servlet.context.ServletWebServerApplicationContext.refresh(ServletWebServerApplicationContext.java:146)
	at org.springframework.boot.SpringApplication.refresh(SpringApplication.java:754)
	at org.springframework.boot.SpringApplication.refreshContext(SpringApplication.java:456)
	at org.springframework.boot.SpringApplication.run(SpringApplication.java:335)
	at org.springframework.boot.SpringApplication.run(SpringApplication.java:1363)
	at org.springframework.boot.SpringApplication.run(SpringApplication.java:1352)
	at br.com.marcos.ExtensaoBackApplication.main(ExtensaoBackApplication.java:11)
	at java.base/jdk.internal.reflect.DirectMethodHandleAccessor.invoke(DirectMethodHandleAccessor.java:103)
	at java.base/java.lang.reflect.Method.invoke(Method.java:580)
	at org.springframework.boot.devtools.restart.RestartLauncher.run(RestartLauncher.java:50)
Caused by: java.lang.IllegalStateException: Ambiguous mapping. Cannot map 'funcionarioController' method 
br.com.marcos.controller.FuncionarioController#update(RequestFuncionario, Long)
to {PUT [/funcionario]}: There is already 'controller' bean method
br.com.marcos.controller.Controller#update(RequestFuncionario, Long) mapped.
	at org.springframework.web.servlet.handler.AbstractHandlerMethodMapping$MappingRegistry.validateMethodMapping(AbstractHandlerMethodMapping.java:674)
	at org.springframework.web.servlet.handler.AbstractHandlerMethodMapping$MappingRegistry.register(AbstractHandlerMethodMapping.java:636)
	at org.springframework.web.servlet.handler.AbstractHandlerMethodMapping.registerHandlerMethod(AbstractHandlerMethodMapping.java:331)
	at org.springframework.web.servlet.mvc.method.annotation.RequestMappingHandlerMapping.registerHandlerMethod(RequestMappingHandlerMapping.java:508)
	at org.springframework.web.servlet.mvc.method.annotation.RequestMappingHandlerMapping.registerHandlerMethod(RequestMappingHandlerMapping.java:84)
	at org.springframework.web.servlet.handler.AbstractHandlerMethodMapping.lambda$detectHandlerMethods$2(AbstractHandlerMethodMapping.java:298)
	at java.base/java.util.LinkedHashMap.forEach(LinkedHashMap.java:986)
	at org.springframework.web.servlet.handler.AbstractHandlerMethodMapping.detectHandlerMethods(AbstractHandlerMethodMapping.java:296)
	at org.springframework.web.servlet.handler.AbstractHandlerMethodMapping.processCandidateBean(AbstractHandlerMethodMapping.java:265)
	at org.springframework.web.servlet.handler.AbstractHandlerMethodMapping.initHandlerMethods(AbstractHandlerMethodMapping.java:224)
	at org.springframework.web.servlet.handler.AbstractHandlerMethodMapping.afterPropertiesSet(AbstractHandlerMethodMapping.java:212)
	at org.springframework.web.servlet.mvc.method.annotation.RequestMappingHandlerMapping.afterPropertiesSet(RequestMappingHandlerMapping.java:239)
	at org.springframework.beans.factory.support.AbstractAutowireCapableBeanFactory.invokeInitMethods(AbstractAutowireCapableBeanFactory.java:1853)
	at org.springframework.beans.factory.support.AbstractAutowireCapableBeanFactory.initializeBean(AbstractAutowireCapableBeanFactory.java:1802)
	... 19 common frames omitted
2025-05-04 12:20:25 - Starting ExtensaoBackApplication using Java 21.0.4 with PID 2952 (C:\Users\Luan\Desktop\Aplicativo\ExtensaoUpVet\target\classes started by Luan in C:\Users\Luan\Desktop\Aplicativo\ExtensaoUpVet)
2025-05-04 12:20:25 - No active profile set, falling back to 1 default profile: "default"
2025-05-04 12:20:25 - Devtools property defaults active! Set 'spring.devtools.add-properties' to 'false' to disable
2025-05-04 12:20:25 - For additional web related logging consider setting the 'logging.level.web' property to 'DEBUG'
2025-05-04 12:20:26 - Bootstrapping Spring Data JPA repositories in DEFAULT mode.
2025-05-04 12:20:26 - Finished Spring Data repository scanning in 98 ms. Found 1 JPA repository interface.
2025-05-04 12:20:26 - Tomcat initialized with port 8080 (http)
2025-05-04 12:20:26 - Starting service [Tomcat]
2025-05-04 12:20:26 - Starting Servlet engine: [Apache Tomcat/10.1.26]
2025-05-04 12:20:26 - Initializing Spring embedded WebApplicationContext
2025-05-04 12:20:26 - Root WebApplicationContext: initialization completed in 1109 ms
2025-05-04 12:20:26 - HHH000204: Processing PersistenceUnitInfo [name: default]
2025-05-04 12:20:26 - HHH000412: Hibernate ORM core version 6.5.2.Final
2025-05-04 12:20:26 - HHH000026: Second-level cache disabled
2025-05-04 12:20:26 - No LoadTimeWeaver setup: ignoring JPA class transformer
2025-05-04 12:20:26 - HikariPool-1 - Starting...
2025-05-04 12:20:27 - HikariPool-1 - Added connection com.mysql.cj.jdbc.ConnectionImpl@7b7cbfa2
2025-05-04 12:20:27 - HikariPool-1 - Start completed.
2025-05-04 12:20:27 - HHH000511: The 5.5.5 version for [org.hibernate.dialect.MySQLDialect] is no longer supported, hence certain features may not work properly. The minimum supported version is 8.0.0. Check the community dialects project for available legacy versions.
2025-05-04 12:20:27 - HHH000489: No JTA platform available (set 'hibernate.transaction.jta.platform' to enable JTA platform integration)
2025-05-04 12:20:27 - Initialized JPA EntityManagerFactory for persistence unit 'default'
2025-05-04 12:20:27 - spring.jpa.open-in-view is enabled by default. Therefore, database queries may be performed during view rendering. Explicitly configure spring.jpa.open-in-view to disable this warning
2025-05-04 12:20:28 - LiveReload server is running on port 35729
2025-05-04 12:20:28 - Tomcat started on port 8080 (http) with context path '/'
2025-05-04 12:20:28 - Started ExtensaoBackApplication in 3.11 seconds (process running for 3.801)
2025-05-04 12:20:36 - Application shutdown requested.
2025-05-04 12:20:36 - Closing JPA EntityManagerFactory for persistence unit 'default'
2025-05-04 12:20:36 - HikariPool-1 - Shutdown initiated...
2025-05-04 12:20:36 - HikariPool-1 - Shutdown completed.
2025-05-04 12:20:38 - Starting ExtensaoBackApplication using Java 21.0.4 with PID 6932 (C:\Users\Luan\Desktop\Aplicativo\ExtensaoUpVet\target\classes started by Luan in C:\Users\Luan\Desktop\Aplicativo\ExtensaoUpVet)
2025-05-04 12:20:38 - No active profile set, falling back to 1 default profile: "default"
2025-05-04 12:20:38 - Devtools property defaults active! Set 'spring.devtools.add-properties' to 'false' to disable
2025-05-04 12:20:38 - For additional web related logging consider setting the 'logging.level.web' property to 'DEBUG'
2025-05-04 12:20:39 - Bootstrapping Spring Data JPA repositories in DEFAULT mode.
2025-05-04 12:20:39 - Finished Spring Data repository scanning in 82 ms. Found 1 JPA repository interface.
2025-05-04 12:20:39 - Tomcat initialized with port 8080 (http)
2025-05-04 12:20:39 - Starting service [Tomcat]
2025-05-04 12:20:39 - Starting Servlet engine: [Apache Tomcat/10.1.26]
2025-05-04 12:20:39 - Initializing Spring embedded WebApplicationContext
2025-05-04 12:20:39 - Root WebApplicationContext: initialization completed in 1054 ms
2025-05-04 12:20:40 - HHH000204: Processing PersistenceUnitInfo [name: default]
2025-05-04 12:20:40 - HHH000412: Hibernate ORM core version 6.5.2.Final
2025-05-04 12:20:40 - HHH000026: Second-level cache disabled
2025-05-04 12:20:40 - No LoadTimeWeaver setup: ignoring JPA class transformer
2025-05-04 12:20:40 - HikariPool-1 - Starting...
2025-05-04 12:20:40 - HikariPool-1 - Added connection com.mysql.cj.jdbc.ConnectionImpl@28da0114
2025-05-04 12:20:40 - HikariPool-1 - Start completed.
2025-05-04 12:20:40 - HHH000511: The 5.5.5 version for [org.hibernate.dialect.MySQLDialect] is no longer supported, hence certain features may not work properly. The minimum supported version is 8.0.0. Check the community dialects project for available legacy versions.
2025-05-04 12:20:40 - HHH000489: No JTA platform available (set 'hibernate.transaction.jta.platform' to enable JTA platform integration)
2025-05-04 12:20:40 - Initialized JPA EntityManagerFactory for persistence unit 'default'
2025-05-04 12:20:41 - spring.jpa.open-in-view is enabled by default. Therefore, database queries may be performed during view rendering. Explicitly configure spring.jpa.open-in-view to disable this warning
2025-05-04 12:20:41 - LiveReload server is running on port 35729
2025-05-04 12:20:41 - Tomcat started on port 8080 (http) with context path '/'
2025-05-04 12:20:41 - Started ExtensaoBackApplication in 3.048 seconds (process running for 3.569)
2025-05-04 12:20:45 - Application shutdown requested.
2025-05-04 12:20:45 - Closing JPA EntityManagerFactory for persistence unit 'default'
2025-05-04 12:20:45 - HikariPool-1 - Shutdown initiated...
2025-05-04 12:20:45 - HikariPool-1 - Shutdown completed.
